<?xml version="1.0" encoding="UTF-8"?>
<testsuite name="flash.flash.FlashApplicationTests" tests="1" skipped="0" failures="0" errors="0" timestamp="2023-03-03T06:41:43" hostname="YOGASLIM7CARBON" time="0.243">
  <properties/>
  <testcase name="contextLoads()" classname="flash.flash.FlashApplicationTests" time="0.243"/>
  <system-out><![CDATA[15:41:38.611 [Test worker] DEBUG org.springframework.test.context.BootstrapUtils - Instantiating CacheAwareContextLoaderDelegate from class [org.springframework.test.context.cache.DefaultCacheAwareContextLoaderDelegate]
15:41:38.625 [Test worker] DEBUG org.springframework.test.context.BootstrapUtils - Instantiating BootstrapContext using constructor [public org.springframework.test.context.support.DefaultBootstrapContext(java.lang.Class,org.springframework.test.context.CacheAwareContextLoaderDelegate)]
15:41:38.670 [Test worker] DEBUG org.springframework.test.context.BootstrapUtils - Instantiating TestContextBootstrapper for test class [flash.flash.FlashApplicationTests] from class [org.springframework.boot.test.context.SpringBootTestContextBootstrapper]
15:41:38.684 [Test worker] INFO org.springframework.boot.test.context.SpringBootTestContextBootstrapper - Neither @ContextConfiguration nor @ContextHierarchy found for test class [flash.flash.FlashApplicationTests], using SpringBootContextLoader
15:41:38.687 [Test worker] DEBUG org.springframework.test.context.support.AbstractContextLoader - Did not detect default resource location for test class [flash.flash.FlashApplicationTests]: class path resource [flash/flash/FlashApplicationTests-context.xml] does not exist
15:41:38.687 [Test worker] DEBUG org.springframework.test.context.support.AbstractContextLoader - Did not detect default resource location for test class [flash.flash.FlashApplicationTests]: class path resource [flash/flash/FlashApplicationTestsContext.groovy] does not exist
15:41:38.687 [Test worker] INFO org.springframework.test.context.support.AbstractContextLoader - Could not detect default resource locations for test class [flash.flash.FlashApplicationTests]: no resource found for suffixes {-context.xml, Context.groovy}.
15:41:38.687 [Test worker] INFO org.springframework.test.context.support.AnnotationConfigContextLoaderUtils - Could not detect default configuration classes for test class [flash.flash.FlashApplicationTests]: FlashApplicationTests does not declare any static, non-private, non-final, nested classes annotated with @Configuration.
15:41:38.740 [Test worker] DEBUG org.springframework.test.context.support.ActiveProfilesUtils - Could not find an 'annotation declaring class' for annotation type [org.springframework.test.context.ActiveProfiles] and class [flash.flash.FlashApplicationTests]
15:41:38.805 [Test worker] DEBUG org.springframework.context.annotation.ClassPathScanningCandidateComponentProvider - Identified candidate component class: file [C:\Users\shinheeeul\Documents\GitHub\flash_project\flash\build\classes\java\main\flash\flash\FlashApplication.class]
15:41:38.807 [Test worker] INFO org.springframework.boot.test.context.SpringBootTestContextBootstrapper - Found @SpringBootConfiguration flash.flash.FlashApplication for test class flash.flash.FlashApplicationTests
15:41:38.923 [Test worker] DEBUG org.springframework.boot.test.context.SpringBootTestContextBootstrapper - @TestExecutionListeners is not present for class [flash.flash.FlashApplicationTests]: using defaults.
15:41:38.923 [Test worker] INFO org.springframework.boot.test.context.SpringBootTestContextBootstrapper - Loaded default TestExecutionListener class names from location [META-INF/spring.factories]: [org.springframework.boot.test.autoconfigure.restdocs.RestDocsTestExecutionListener, org.springframework.boot.test.autoconfigure.web.client.MockRestServiceServerResetTestExecutionListener, org.springframework.boot.test.autoconfigure.web.servlet.MockMvcPrintOnlyOnFailureTestExecutionListener, org.springframework.boot.test.autoconfigure.web.servlet.WebDriverTestExecutionListener, org.springframework.boot.test.autoconfigure.webservices.client.MockWebServiceServerTestExecutionListener, org.springframework.boot.test.mock.mockito.MockitoTestExecutionListener, org.springframework.boot.test.mock.mockito.ResetMocksTestExecutionListener, org.springframework.test.context.web.ServletTestExecutionListener, org.springframework.test.context.support.DirtiesContextBeforeModesTestExecutionListener, org.springframework.test.context.event.ApplicationEventsTestExecutionListener, org.springframework.test.context.support.DependencyInjectionTestExecutionListener, org.springframework.test.context.support.DirtiesContextTestExecutionListener, org.springframework.test.context.transaction.TransactionalTestExecutionListener, org.springframework.test.context.jdbc.SqlScriptsTestExecutionListener, org.springframework.test.context.event.EventPublishingTestExecutionListener]
15:41:38.946 [Test worker] INFO org.springframework.boot.test.context.SpringBootTestContextBootstrapper - Using TestExecutionListeners: [org.springframework.test.context.web.ServletTestExecutionListener@78aea4b9, org.springframework.test.context.support.DirtiesContextBeforeModesTestExecutionListener@2a65bb85, org.springframework.test.context.event.ApplicationEventsTestExecutionListener@4b85880b, org.springframework.boot.test.mock.mockito.MockitoTestExecutionListener@4f936da8, org.springframework.boot.test.autoconfigure.SpringBootDependencyInjectionTestExecutionListener@4215838f, org.springframework.test.context.support.DirtiesContextTestExecutionListener@452ba1db, org.springframework.test.context.transaction.TransactionalTestExecutionListener@2289aca5, org.springframework.test.context.jdbc.SqlScriptsTestExecutionListener@76a36b71, org.springframework.test.context.event.EventPublishingTestExecutionListener@184497d1, org.springframework.boot.test.autoconfigure.restdocs.RestDocsTestExecutionListener@f9d87b, org.springframework.boot.test.autoconfigure.web.client.MockRestServiceServerResetTestExecutionListener@6ffab045, org.springframework.boot.test.autoconfigure.web.servlet.MockMvcPrintOnlyOnFailureTestExecutionListener@26fb628, org.springframework.boot.test.autoconfigure.web.servlet.WebDriverTestExecutionListener@3e2943ab, org.springframework.boot.test.autoconfigure.webservices.client.MockWebServiceServerTestExecutionListener@70dd7e15, org.springframework.boot.test.mock.mockito.ResetMocksTestExecutionListener@4a9f80d3]
15:41:38.950 [Test worker] DEBUG org.springframework.test.context.support.AbstractDirtiesContextTestExecutionListener - Before test class: context [DefaultTestContext@29a60c27 testClass = FlashApplicationTests, testInstance = [null], testMethod = [null], testException = [null], mergedContextConfiguration = [WebMergedContextConfiguration@1849db1a testClass = FlashApplicationTests, locations = '{}', classes = '{class flash.flash.FlashApplication}', contextInitializerClasses = '[]', activeProfiles = '{}', propertySourceLocations = '{}', propertySourceProperties = '{org.springframework.boot.test.context.SpringBootTestContextBootstrapper=true}', contextCustomizers = set[org.springframework.boot.test.autoconfigure.actuate.metrics.MetricsExportContextCustomizerFactory$DisableMetricExportContextCustomizer@6d1ef78d, org.springframework.boot.test.autoconfigure.properties.PropertyMappingContextCustomizer@0, org.springframework.boot.test.autoconfigure.web.servlet.WebDriverContextCustomizerFactory$Customizer@77258e59, org.springframework.boot.test.context.filter.ExcludeFilterContextCustomizer@142269f2, org.springframework.boot.test.json.DuplicateJsonObjectContextCustomizerFactory$DuplicateJsonObjectContextCustomizer@6aa3a905, org.springframework.boot.test.mock.mockito.MockitoContextCustomizer@0, org.springframework.boot.test.web.client.TestRestTemplateContextCustomizer@12ed9db6, org.springframework.boot.test.context.SpringBootTestArgs@1, org.springframework.boot.test.context.SpringBootTestWebEnvironment@3b6ddd1d], resourceBasePath = 'src/main/webapp', contextLoader = 'org.springframework.boot.test.context.SpringBootContextLoader', parent = [null]], attributes = map['org.springframework.test.context.web.ServletTestExecutionListener.activateListener' -> true]], class annotated with @DirtiesContext [false] with mode [null].

  .   ____          _            __ _ _
 /\\ / ___'_ __ _ _(_)_ __  __ _ \ \ \ \
( ( )\___ | '_ | '_| | '_ \/ _` | \ \ \ \
 \\/  ___)| |_)| | | | | || (_| |  ) ) ) )
  '  |____| .__|_| |_|_| |_\__, | / / / /
 =========|_|==============|___/=/_/_/_/
 :: Spring Boot ::                (v2.7.7)

2023-03-03 15:41:39.310  WARN 13904 --- [    Test worker] ory$DuplicateJsonObjectContextCustomizer : 

Found multiple occurrences of org.json.JSONObject on the class path:

	jar:file:/C:/Users/shinheeeul/.gradle/caches/modules-2/files-2.1/org.json/json/20220924/5aa95e7688f76c664af205c5937620f02688dfbc/json-20220924.jar!/org/json/JSONObject.class
	jar:file:/C:/Users/shinheeeul/.gradle/caches/modules-2/files-2.1/com.vaadin.external.google/android-json/0.0.20131108.vaadin1/fa26d351fe62a6a17f5cda1287c1c6110dec413f/android-json-0.0.20131108.vaadin1.jar!/org/json/JSONObject.class

You may wish to exclude one of them to ensure predictable runtime behavior

2023-03-03 15:41:39.329  INFO 13904 --- [    Test worker] flash.flash.FlashApplicationTests        : Starting FlashApplicationTests using Java 19.0.2 on yogaslim7carbon with PID 13904 (started by shinheeeul in C:\Users\shinheeeul\Documents\GitHub\flash_project\flash)
2023-03-03 15:41:39.332  INFO 13904 --- [    Test worker] flash.flash.FlashApplicationTests        : No active profile set, falling back to 1 default profile: "default"
2023-03-03 15:41:39.371 DEBUG 13904 --- [    Test worker] o.s.w.c.s.GenericWebApplicationContext   : Refreshing org.springframework.web.context.support.GenericWebApplicationContext@27e32fe4
2023-03-03 15:41:40.096  INFO 13904 --- [    Test worker] .s.d.r.c.RepositoryConfigurationDelegate : Bootstrapping Spring Data JPA repositories in DEFAULT mode.
2023-03-03 15:41:40.183  INFO 13904 --- [    Test worker] .s.d.r.c.RepositoryConfigurationDelegate : Finished Spring Data repository scanning in 74 ms. Found 3 JPA repository interfaces.
2023-03-03 15:41:40.941  INFO 13904 --- [    Test worker] o.hibernate.jpa.internal.util.LogHelper  : HHH000204: Processing PersistenceUnitInfo [name: default]
2023-03-03 15:41:41.014  INFO 13904 --- [    Test worker] org.hibernate.Version                    : HHH000412: Hibernate ORM core version 5.6.14.Final
2023-03-03 15:41:41.229  INFO 13904 --- [    Test worker] o.hibernate.annotations.common.Version   : HCANN000001: Hibernate Commons Annotations {5.1.2.Final}
2023-03-03 15:41:41.373  INFO 13904 --- [    Test worker] com.zaxxer.hikari.HikariDataSource       : HikariPool-1 - Starting...
2023-03-03 15:41:41.472  INFO 13904 --- [    Test worker] com.zaxxer.hikari.HikariDataSource       : HikariPool-1 - Start completed.
2023-03-03 15:41:41.494  INFO 13904 --- [    Test worker] org.hibernate.dialect.Dialect            : HHH000400: Using dialect: org.hibernate.dialect.H2Dialect
2023-03-03 15:41:42.286  INFO 13904 --- [    Test worker] o.h.e.t.j.p.i.JtaPlatformInitiator       : HHH000490: Using JtaPlatform implementation: [org.hibernate.engine.transaction.jta.platform.internal.NoJtaPlatform]
2023-03-03 15:41:42.302  INFO 13904 --- [    Test worker] j.LocalContainerEntityManagerFactoryBean : Initialized JPA EntityManagerFactory for persistence unit 'default'
2023-03-03 15:41:43.032  WARN 13904 --- [    Test worker] JpaBaseConfiguration$JpaWebConfiguration : spring.jpa.open-in-view is enabled by default. Therefore, database queries may be performed during view rendering. Explicitly configure spring.jpa.open-in-view to disable this warning
2023-03-03 15:41:43.275 DEBUG 13904 --- [    Test worker] s.w.s.m.m.a.RequestMappingHandlerAdapter : ControllerAdvice beans: 0 @ModelAttribute, 0 @InitBinder, 1 RequestBodyAdvice, 1 ResponseBodyAdvice
2023-03-03 15:41:43.308  INFO 13904 --- [    Test worker] o.s.b.a.h2.H2ConsoleAutoConfiguration    : H2 console available at '/h2-console'. Database available at 'jdbc:h2:tcp://localhost/~/flash'
2023-03-03 15:41:43.318  INFO 13904 --- [    Test worker] o.s.b.a.w.s.WelcomePageHandlerMapping    : Adding welcome page: class path resource [static/index.html]
2023-03-03 15:41:43.375 DEBUG 13904 --- [    Test worker] s.w.s.m.m.a.RequestMappingHandlerMapping : 12 mappings in 'requestMappingHandlerMapping'
2023-03-03 15:41:43.420 DEBUG 13904 --- [    Test worker] o.s.w.s.handler.SimpleUrlHandlerMapping  : Patterns [/webjars/**, /**] in 'resourceHandlerMapping'
2023-03-03 15:41:43.438 DEBUG 13904 --- [    Test worker] .m.m.a.ExceptionHandlerExceptionResolver : ControllerAdvice beans: 0 @ExceptionHandler, 1 ResponseBodyAdvice
2023-03-03 15:41:43.721  INFO 13904 --- [    Test worker] flash.flash.FlashApplicationTests        : Started FlashApplicationTests in 4.727 seconds (JVM running for 6.186)
Hibernate: call next value for hibernate_sequence
Hibernate: insert into user_table (created_at, name, status, uid, updated_at, upw, user_id) values (?, ?, ?, ?, ?, ?, ?)
Hibernate: call next value for hibernate_sequence
Hibernate: insert into user_table (created_at, name, status, uid, updated_at, upw, user_id) values (?, ?, ?, ?, ?, ?, ?)
Hibernate: call next value for hibernate_sequence
Hibernate: insert into user_table (created_at, name, status, uid, updated_at, upw, user_id) values (?, ?, ?, ?, ?, ?, ?)
Hibernate: call next value for hibernate_sequence
Hibernate: insert into user_table (created_at, name, status, uid, updated_at, upw, user_id) values (?, ?, ?, ?, ?, ?, ?)
Hibernate: call next value for hibernate_sequence
Hibernate: insert into user_table (created_at, name, status, uid, updated_at, upw, user_id) values (?, ?, ?, ?, ?, ?, ?)
]]></system-out>
  <system-err><![CDATA[]]></system-err>
</testsuite>
